<?xml version="1.0" encoding="UTF-8"?>
<testsuite name="ViewerTest" tests="1" skipped="0" failures="0" errors="0" timestamp="2023-01-05T18:49:34" hostname="DESKTOP-KVPJL09" time="4.613">
  <properties/>
  <testcase name="start" classname="ViewerTest" time="4.613"/>
  <system-out><![CDATA[?[1;31m
Start test 1?[0m
?[1;31m
Start test 2?[0m
?[1;31m
Start test 3?[0m
?[1;31m
Start test 4?[0m
?[1;31m
Start test 5?[0m
?[1;31m
Start test 6?[0m
?[1;31m
Start test 7?[0m
]]></system-out>
  <system-err><![CDATA[]]></system-err>
</testsuite>
